<?xml version="1.0" encoding="UTF-8"?>
<testng-results skipped="0" failed="0" total="1" passed="1">
  <reporter-output>
  </reporter-output>
  <suite name="Default suite" duration-ms="31" started-at="2016-06-29T11:26:19Z" finished-at="2016-06-29T11:26:19Z">
    <groups>
    </groups>
    <test name="Default test" duration-ms="31" started-at="2016-06-29T11:26:19Z" finished-at="2016-06-29T11:26:19Z">
      <class name="pack1.class1">
        <test-method status="PASS" signature="Testcase1()[pri:0, instance:pack1.class1@10e98d8]" name="Testcase1" duration-ms="16" started-at="2016-06-29T16:56:19Z" finished-at="2016-06-29T16:56:19Z">
          <reporter-output>
          </reporter-output>
        </test-method> <!-- Testcase1 -->
      </class> <!-- pack1.class1 -->
    </test> <!-- Default test -->
  </suite> <!-- Default suite -->
</testng-results>
